c:\users\kalbi_000\desktop\3d.projekt\animaboner\litetspelprojekt\spelprojekt\spelprojekt\debug\vc120.pdb
c:\users\kalbi_000\desktop\3d.projekt\animaboner\litetspelprojekt\spelprojekt\spelprojekt\debug\vc120.idb
c:\users\kalbi_000\desktop\3d.projekt\animaboner\litetspelprojekt\spelprojekt\spelprojekt\debug\animationmanager.obj
c:\users\kalbi_000\desktop\3d.projekt\animaboner\litetspelprojekt\spelprojekt\spelprojekt\debug\animationobject.obj
c:\users\kalbi_000\desktop\3d.projekt\animaboner\litetspelprojekt\spelprojekt\spelprojekt\debug\contentmanager.obj
c:\users\kalbi_000\desktop\3d.projekt\animaboner\litetspelprojekt\spelprojekt\spelprojekt\debug\engine.obj
c:\users\kalbi_000\desktop\3d.projekt\animaboner\litetspelprojekt\spelprojekt\spelprojekt\debug\object.obj
c:\users\kalbi_000\desktop\3d.projekt\animaboner\litetspelprojekt\spelprojekt\spelprojekt\debug\game.obj
c:\users\kalbi_000\desktop\3d.projekt\animaboner\litetspelprojekt\spelprojekt\spelprojekt\debug\gameobject.obj
c:\users\kalbi_000\desktop\3d.projekt\animaboner\litetspelprojekt\spelprojekt\spelprojekt\debug\map.obj
c:\users\kalbi_000\desktop\3d.projekt\animaboner\litetspelprojekt\spelprojekt\spelprojekt\debug\mapchunk.obj
c:\users\kalbi_000\desktop\3d.projekt\animaboner\litetspelprojekt\spelprojekt\spelprojekt\debug\player.obj
c:\users\kalbi_000\desktop\3d.projekt\animaboner\litetspelprojekt\spelprojekt\spelprojekt\debug\main.obj
c:\users\kalbi_000\desktop\3d.projekt\animaboner\litetspelprojekt\spelprojekt\spelprojekt\debug\userinput.obj
c:\users\kalbi_000\desktop\3d.projekt\animaboner\litetspelprojekt\spelprojekt\spelprojekt\debug\cameracontrol.obj
c:\users\kalbi_000\documents\github\3dicks\spelprojekt\spelprojekt\debug\vc120.pdb
c:\users\kalbi_000\documents\github\3dicks\spelprojekt\spelprojekt\debug\vc120.idb
c:\users\kalbi_000\documents\github\3dicks\spelprojekt\spelprojekt\debug\animationmanager.obj
c:\users\kalbi_000\documents\github\3dicks\spelprojekt\spelprojekt\debug\animationobject.obj
c:\users\kalbi_000\documents\github\3dicks\spelprojekt\spelprojekt\debug\cameracontrol.obj
c:\users\kalbi_000\documents\github\3dicks\spelprojekt\spelprojekt\debug\contentmanager.obj
c:\users\kalbi_000\documents\github\3dicks\spelprojekt\spelprojekt\debug\engine.obj
c:\users\kalbi_000\documents\github\3dicks\spelprojekt\spelprojekt\debug\object.obj
c:\users\kalbi_000\documents\github\3dicks\spelprojekt\spelprojekt\debug\game.obj
c:\users\kalbi_000\documents\github\3dicks\spelprojekt\spelprojekt\debug\gameobject.obj
c:\users\kalbi_000\documents\github\3dicks\spelprojekt\spelprojekt\debug\map.obj
c:\users\kalbi_000\documents\github\3dicks\spelprojekt\spelprojekt\debug\main.obj
c:\users\kalbi_000\documents\github\3dicks\spelprojekt\spelprojekt\debug\fbohandler.obj
c:\users\kalbi_000\desktop\3d.projekt\animaboner\litetspelprojekt\spelprojekt\debug\spelprojekt.ilk
c:\users\kalbi_000\desktop\3d.projekt\animaboner\litetspelprojekt\spelprojekt\debug\spelprojekt.exe
c:\users\kalbi_000\desktop\3d.projekt\animaboner\litetspelprojekt\spelprojekt\debug\spelprojekt.pdb
c:\users\kalbi_000\documents\github\3dicks\spelprojekt\debug\spelprojekt.ilk
c:\users\kalbi_000\documents\github\3dicks\spelprojekt\debug\spelprojekt.exe
c:\users\kalbi_000\documents\github\3dicks\spelprojekt\debug\spelprojekt.pdb
c:\users\kalbi_000\documents\github\3dicks\spelprojekt\spelprojekt\debug\mapchunk.obj
c:\users\kalbi_000\documents\github\3dicks\spelprojekt\spelprojekt\debug\player.obj
c:\users\kalbi_000\documents\github\3dicks\spelprojekt\spelprojekt\debug\userinput.obj
c:\users\kalbi_000\documents\github\3dicks\spelprojekt\spelprojekt\debug\spelprojekt.tlog\cl.command.1.tlog
c:\users\kalbi_000\documents\github\3dicks\spelprojekt\spelprojekt\debug\spelprojekt.tlog\cl.read.1.tlog
c:\users\kalbi_000\documents\github\3dicks\spelprojekt\spelprojekt\debug\spelprojekt.tlog\cl.write.1.tlog
c:\users\kalbi_000\documents\github\3dicks\spelprojekt\spelprojekt\debug\spelprojekt.tlog\link.command.1.tlog
c:\users\kalbi_000\documents\github\3dicks\spelprojekt\spelprojekt\debug\spelprojekt.tlog\link.read.1.tlog
c:\users\kalbi_000\documents\github\3dicks\spelprojekt\spelprojekt\debug\spelprojekt.tlog\link.write.1.tlog
