Build started 2015-06-05 16:45:12.
     1>Project "C:\Users\kalbi_000\Documents\GitHub\3Dicks\Spelprojekt\Spelprojekt\Spelprojekt.vcxproj" on node 2 (Build target(s)).
     1>ClCompile:
         C:\Program Files (x86)\Microsoft Visual Studio 12.0\VC\bin\CL.exe /c /Zi /nologo /W3 /WX- /sdl /O2 /Oi /Oy- /GL /D WIN32 /D _CRT_SECURE_NO_WARNINGS /D NDEBUG /D _WINDOWS /D _UNICODE /D UNICODE /Gm- /EHsc /MD /Zp8 /GS /Gy /fp:precise /Zc:wchar_t /Zc:forScope /Fo"Release\\" /Fd"Release\vc120.pdb" /Gd /TP /analyze- /errorReport:prompt src\engine\QuadTree.cpp
         QuadTree.cpp
       Link:
         C:\Program Files (x86)\Microsoft Visual Studio 12.0\VC\bin\link.exe /ERRORREPORT:PROMPT /OUT:"C:\Users\kalbi_000\Documents\GitHub\3Dicks\Spelprojekt\Release\Spelprojekt.exe" /INCREMENTAL:NO /NOLOGO glfw3.lib opengl32.lib glew32.lib kernel32.lib user32.lib gdi32.lib winspool.lib comdlg32.lib advapi32.lib shell32.lib ole32.lib oleaut32.lib uuid.lib odbc32.lib odbccp32.lib /MANIFEST /MANIFESTUAC:"level='asInvoker' uiAccess='false'" /manifest:embed /DEBUG /PDB:"C:\Users\kalbi_000\Documents\GitHub\3Dicks\Spelprojekt\Release\Spelprojekt.pdb" /SUBSYSTEM:WINDOWS /OPT:REF /OPT:ICF /LTCG /TLBID:1 /ENTRY:"mainCRTStartup" /DYNAMICBASE /NXCOMPAT /IMPLIB:"C:\Users\kalbi_000\Documents\GitHub\3Dicks\Spelprojekt\Release\Spelprojekt.lib" /MACHINE:X86 /SAFESEH Release\AnimationManager.obj
         Release\AnimationObject.obj
         Release\CameraControl.obj
         Release\ContentManager.obj
         Release\engine.obj
         Release\object.obj
         Release\QuadTree.obj
         Release\game.obj
         Release\gameObject.obj
         Release\map.obj
         Release\Main.obj
         Generating code
         Finished generating code
         Spelprojekt.vcxproj -> C:\Users\kalbi_000\Documents\GitHub\3Dicks\Spelprojekt\Release\Spelprojekt.exe
     1>Done Building Project "C:\Users\kalbi_000\Documents\GitHub\3Dicks\Spelprojekt\Spelprojekt\Spelprojekt.vcxproj" (Build target(s)).

Build succeeded.

Time Elapsed 00:00:06.09
